#
# A fatal error has been detected by the Java Runtime Environment:
#
#  Internal Error (javaClasses.cpp:129), pid=6088, tid=2532
#  fatal error: Invalid layout of preloaded class
#
# JRE version: 7.0_17-b02
# Java VM: Java HotSpot(TM) 64-Bit Server VM (23.7-b01 mixed mode windows-amd64 compressed oops)
# Failed to write core dump. Minidumps are not enabled by default on client versions of Windows
#
# If you would like to submit a bug report, please visit:
#   http://bugreport.sun.com/bugreport/crash.jsp
#

---------------  T H R E A D  ---------------

Current thread (0x0000000002f5e000):  JavaThread "Unknown thread" [_thread_in_vm, id=2532, stack(0x0000000002f60000,0x0000000003060000)]

Stack: [0x0000000002f60000,0x0000000003060000]

---------------  P R O C E S S  ---------------

Java Threads: ( => current thread )

Other Threads:

=>0x0000000002f5e000 (exited) JavaThread "Unknown thread" [_thread_in_vm, id=2532, stack(0x0000000002f60000,0x0000000003060000)]

VM state:not at safepoint (not fully initialized)

VM Mutex/Monitor currently owned by a thread: None

GC Heap History (0 events):
No events

Deoptimization events (0 events):
No events

Internal exceptions (0 events):
No events

Events (10 events):
Event: 0.009 loading class 0x00000000030a8350 done
Event: 0.009 loading class 0x00000000030a84a0 done
Event: 0.009 loading class 0x000000000306a950
Event: 0.009 loading class 0x00000000030afad0
Event: 0.009 loading class 0x00000000030afad0 done
Event: 0.009 loading class 0x00000000030afb50
Event: 0.009 loading class 0x00000000030afb50 done
Event: 0.009 loading class 0x00000000090fea30
Event: 0.009 loading class 0x00000000090fea30 done
Event: 0.010 loading class 0x000000000306a950 done


Dynamic libraries:
0x000007f7f6060000 - 0x000007f7f6093000 	E:\Eclipse\adt-bundle-windows-x86_64-20131030\eclipse\jre\bin\javaw.exe
0x000007ffa8500000 - 0x000007ffa86c0000 	C:\windows\SYSTEM32\ntdll.dll
0x000007ffa79a0000 - 0x000007ffa7ad7000 	C:\windows\system32\KERNEL32.DLL
0x000007ffa57f0000 - 0x000007ffa58e4000 	C:\windows\system32\KERNELBASE.dll
0x000007ff9e8a0000 - 0x000007ff9e93f000 	C:\windows\system32\apphelp.dll
0x000007ffa5cc0000 - 0x000007ffa5d9e000 	C:\windows\system32\ADVAPI32.dll
0x000007ffa7cb0000 - 0x000007ffa7dfc000 	C:\windows\system32\USER32.dll
0x000007ffa2f00000 - 0x000007ffa316a000 	C:\windows\WinSxS\amd64_microsoft.windows.common-controls_6595b64144ccf1df_6.0.9200.16579_none_418ab7ef718b27ef\COMCTL32.dll
0x000007ffa5f50000 - 0x000007ffa5ff5000 	C:\windows\system32\msvcrt.dll
0x000007ffa7fc0000 - 0x000007ffa8008000 	C:\windows\SYSTEM32\sechost.dll
0x000007ffa6000000 - 0x000007ffa6145000 	C:\windows\system32\RPCRT4.dll
0x000007ffa7840000 - 0x000007ffa7981000 	C:\windows\system32\GDI32.dll
0x000007ffa7800000 - 0x000007ffa7839000 	C:\windows\system32\IMM32.DLL
0x000007ffa7ea0000 - 0x000007ffa7fb6000 	C:\windows\system32\MSCTF.dll
0x000000005bf60000 - 0x000000005c031000 	E:\Eclipse\adt-bundle-windows-x86_64-20131030\eclipse\jre\bin\msvcr100.dll
0x000000005c0e0000 - 0x000000005c7ff000 	E:\Eclipse\adt-bundle-windows-x86_64-20131030\eclipse\jre\bin\server\jvm.dll
0x000007ff9e170000 - 0x000007ff9e179000 	C:\windows\SYSTEM32\WSOCK32.dll
0x000007ff9edd0000 - 0x000007ff9edf0000 	C:\windows\SYSTEM32\WINMM.dll
0x000007ffa6150000 - 0x000007ffa6157000 	C:\windows\system32\PSAPI.DLL
0x000007ffa5c60000 - 0x000007ffa5cb8000 	C:\windows\system32\WS2_32.dll
0x000007ff9ed90000 - 0x000007ff9edc3000 	C:\windows\SYSTEM32\WINMMBASE.dll
0x000007ffa6210000 - 0x000007ffa6219000 	C:\windows\system32\NSI.dll
0x000007ffa56a0000 - 0x000007ffa56ef000 	C:\windows\SYSTEM32\cfgmgr32.dll
0x000007ffa57a0000 - 0x000007ffa57c2000 	C:\windows\system32\DEVOBJ.dll
0x000000005c0d0000 - 0x000000005c0df000 	E:\Eclipse\adt-bundle-windows-x86_64-20131030\eclipse\jre\bin\verify.dll
0x000000005c0a0000 - 0x000000005c0c8000 	E:\Eclipse\adt-bundle-windows-x86_64-20131030\eclipse\jre\bin\java.dll
0x000000005c080000 - 0x000000005c095000 	E:\Eclipse\adt-bundle-windows-x86_64-20131030\eclipse\jre\bin\zip.dll

VM Arguments:
jvm_args: -Dfile.encoding=GBK -Xbootclasspath:E:\Eclipse\adt-bundle-windows-x86_64-20131030\sdk\platforms\android-19\android.jar 
java_command: com.example.account.jdbc.JdbcUtils
Launcher Type: SUN_STANDARD

Environment Variables:
PATH=E:/Eclipse/adt-bundle-windows-x86_64-20131030/eclipse/jre/bin/server;E:/Eclipse/adt-bundle-windows-x86_64-20131030/eclipse/jre/bin;E:/Eclipse/adt-bundle-windows-x86_64-20131030/eclipse/jre/lib/amd64;C:\Program Files (x86)\Intel\iCLS Client\;C:\Program Files\Intel\iCLS Client\;C:\windows\system32;C:\windows;C:\windows\System32\Wbem;C:\windows\System32\WindowsPowerShell\v1.0\;C:\Program Files\Intel\Intel(R) Management Engine Components\DAL;C:\Program Files\Intel\Intel(R) Management Engine Components\IPT;C:\Program Files (x86)\Intel\Intel(R) Management Engine Components\DAL;C:\Program Files (x86)\Intel\Intel(R) Management Engine Components\IPT;C:\Program Files (x86)\Intel\OpenCL SDK\2.0\bin\x86;C:\Program Files (x86)\Intel\OpenCL SDK\2.0\bin\x64;C:\Program Files (x86)\Windows Live\Shared;C:\Program Files\Intel\WiFi\bin\;C:\Program Files\Common Files\Intel\WirelessCommon\;E:\Eclipse\adt-bundle-windows-x86_64-20131030\eclipse;
USERNAME=Melhc0623
OS=Windows_NT
PROCESSOR_IDENTIFIER=Intel64 Family 6 Model 58 Stepping 9, GenuineIntel



---------------  S Y S T E M  ---------------

OS: Windows 8 , 64 bit Build 9200 

CPU:total 4 (2 cores per cpu, 2 threads per core) family 6 model 58 stepping 9, cmov, cx8, fxsr, mmx, sse, sse2, sse3, ssse3, sse4.1, sse4.2, popcnt, avx, ht, tsc, tscinvbit, tscinv

Memory: 4k page, physical 3806748k(2439216k free), swap 7738912k(4799344k free)

vm_info: Java HotSpot(TM) 64-Bit Server VM (23.7-b01) for windows-amd64 JRE (1.7.0_17-b02), built on Mar  1 2013 03:38:30 by "java_re" with unknown MS VC++:1600

time: Wed Jun 25 18:52:39 2014
elapsed time: 0 seconds

